<?xml version="1.0" encoding="UTF-8"?>
<!-- Generated by org.testng.reporters.JUnitReportReporter -->
<testsuite skipped="0" hostname="smart-PC" name="tests.AppTest" tests="1" failures="0" timestamp="21 Jun 2017 09:45:16 GMT" time="0.027" errors="0">
  <testcase name="displayTest" time="0.027" classname="tests.AppTest"/>
</testsuite> <!-- tests.AppTest -->
